Spark Command: /usr/lib/jvm/java-17-openjdk-amd64/bin/java -cp /home/kalp/spark/spark/conf/:/home/kalp/spark/spark/jars/* -Xmx1g org.apache.spark.deploy.worker.Worker --webui-port 18083 --port 18082 spark://172.23.202.231:7077
========================================
Using Spark's default log4j profile: org/apache/spark/log4j2-defaults.properties
25/11/25 06:48:57 INFO Worker: Started daemon with process name: 74919@Kalp-PC
25/11/25 06:48:57 INFO SignalUtils: Registering signal handler for TERM
25/11/25 06:48:57 INFO SignalUtils: Registering signal handler for HUP
25/11/25 06:48:57 INFO SignalUtils: Registering signal handler for INT
25/11/25 06:48:57 WARN NativeCodeLoader: Unable to load native-hadoop library for your platform... using builtin-java classes where applicable
25/11/25 06:48:57 INFO SecurityManager: Changing view acls to: kalp
25/11/25 06:48:57 INFO SecurityManager: Changing modify acls to: kalp
25/11/25 06:48:57 INFO SecurityManager: Changing view acls groups to: 
25/11/25 06:48:57 INFO SecurityManager: Changing modify acls groups to: 
25/11/25 06:48:57 INFO SecurityManager: SecurityManager: authentication disabled; ui acls disabled; users with view permissions: kalp; groups with view permissions: EMPTY; users with modify permissions: kalp; groups with modify permissions: EMPTY
25/11/25 06:48:58 INFO Utils: Successfully started service 'sparkWorker' on port 18082.
25/11/25 06:48:58 INFO Worker: Worker decommissioning not enabled.
25/11/25 06:48:58 INFO Worker: Starting Spark worker 172.23.202.231:18082 with 4 cores, 4.0 GiB RAM
25/11/25 06:48:58 INFO Worker: Running Spark version 3.5.7
25/11/25 06:48:58 INFO Worker: Spark home: /home/kalp/spark/spark
25/11/25 06:48:58 INFO ResourceUtils: ==============================================================
25/11/25 06:48:58 INFO ResourceUtils: No custom resources configured for spark.worker.
25/11/25 06:48:58 INFO ResourceUtils: ==============================================================
25/11/25 06:48:58 INFO JettyUtils: Start Jetty 172.23.202.231:18083 for WorkerUI
25/11/25 06:48:58 INFO Utils: Successfully started service 'WorkerUI' on port 18083.
25/11/25 06:48:58 INFO WorkerWebUI: Bound WorkerWebUI to 172.23.202.231, and started at http://172.23.202.231:18083
25/11/25 06:48:58 INFO Worker: Connecting to master 172.23.202.231:7077...
25/11/25 06:48:58 INFO TransportClientFactory: Successfully created connection to /172.23.202.231:7077 after 51 ms (0 ms spent in bootstraps)
25/11/25 06:48:58 INFO Worker: Successfully registered with master spark://172.23.202.231:7077
25/11/25 06:48:58 INFO Worker: Asked to launch executor app-20251124231341-0005/7 for SpamPredictionAPI
25/11/25 06:48:58 INFO SecurityManager: Changing view acls to: kalp
25/11/25 06:48:58 INFO SecurityManager: Changing modify acls to: kalp
25/11/25 06:48:58 INFO SecurityManager: Changing view acls groups to: 
25/11/25 06:48:58 INFO SecurityManager: Changing modify acls groups to: 
25/11/25 06:48:58 INFO SecurityManager: SecurityManager: authentication disabled; ui acls disabled; users with view permissions: kalp; groups with view permissions: EMPTY; users with modify permissions: kalp; groups with modify permissions: EMPTY
25/11/25 06:48:58 INFO ExecutorRunner: Launch command: "/usr/lib/jvm/java-17-openjdk-amd64/bin/java" "-cp" "/home/kalp/spark/spark/conf/:/home/kalp/spark/spark/jars/*" "-Xmx1024M" "-Dspark.driver.port=40711" "-Djava.net.preferIPv6Addresses=false" "-XX:+IgnoreUnrecognizedVMOptions" "--add-opens=java.base/java.lang=ALL-UNNAMED" "--add-opens=java.base/java.lang.invoke=ALL-UNNAMED" "--add-opens=java.base/java.lang.reflect=ALL-UNNAMED" "--add-opens=java.base/java.io=ALL-UNNAMED" "--add-opens=java.base/java.net=ALL-UNNAMED" "--add-opens=java.base/java.nio=ALL-UNNAMED" "--add-opens=java.base/java.util=ALL-UNNAMED" "--add-opens=java.base/java.util.concurrent=ALL-UNNAMED" "--add-opens=java.base/java.util.concurrent.atomic=ALL-UNNAMED" "--add-opens=java.base/jdk.internal.ref=ALL-UNNAMED" "--add-opens=java.base/sun.nio.ch=ALL-UNNAMED" "--add-opens=java.base/sun.nio.cs=ALL-UNNAMED" "--add-opens=java.base/sun.security.action=ALL-UNNAMED" "--add-opens=java.base/sun.util.calendar=ALL-UNNAMED" "--add-opens=java.security.jgss/sun.security.krb5=ALL-UNNAMED" "-Djdk.reflect.useDirectMethodHandle=false" "org.apache.spark.executor.CoarseGrainedExecutorBackend" "--driver-url" "spark://CoarseGrainedScheduler@172.23.202.231:40711" "--executor-id" "7" "--hostname" "172.23.202.231" "--cores" "4" "--app-id" "app-20251124231341-0005" "--worker-url" "spark://Worker@172.23.202.231:18082" "--resourceProfileId" "0"
25/11/25 06:50:18 INFO Worker: 172.23.202.231:7077 Disassociated !
25/11/25 06:50:18 ERROR Worker: Connection to master failed! Waiting for master to reconnect...
25/11/25 06:50:18 INFO Worker: 172.23.202.231:7077 Disassociated !
25/11/25 06:50:18 ERROR Worker: Connection to master failed! Waiting for master to reconnect...
25/11/25 06:50:18 INFO Worker: Connecting to master 172.23.202.231:7077...
25/11/25 06:50:18 INFO Worker: Not spawning another attempt to register with the master, since there is an attempt scheduled already.
25/11/25 06:50:18 INFO TransportClientFactory: Found inactive connection to /172.23.202.231:7077, creating a new one.
25/11/25 06:50:18 WARN Worker: Failed to connect to master 172.23.202.231:7077
org.apache.spark.SparkException: Exception thrown in awaitResult: 
	at org.apache.spark.util.SparkThreadUtils$.awaitResult(SparkThreadUtils.scala:56)
	at org.apache.spark.util.ThreadUtils$.awaitResult(ThreadUtils.scala:310)
	at org.apache.spark.rpc.RpcTimeout.awaitResult(RpcTimeout.scala:75)
	at org.apache.spark.rpc.RpcEnv.setupEndpointRefByURI(RpcEnv.scala:102)
	at org.apache.spark.rpc.RpcEnv.setupEndpointRef(RpcEnv.scala:110)
	at org.apache.spark.deploy.worker.Worker$$anon$1.run(Worker.scala:313)
	at java.base/java.util.concurrent.Executors$RunnableAdapter.call(Executors.java:539)
	at java.base/java.util.concurrent.FutureTask.run(FutureTask.java:264)
	at java.base/java.util.concurrent.ThreadPoolExecutor.runWorker(ThreadPoolExecutor.java:1136)
	at java.base/java.util.concurrent.ThreadPoolExecutor$Worker.run(ThreadPoolExecutor.java:635)
	at java.base/java.lang.Thread.run(Thread.java:840)
Caused by: java.io.IOException: Failed to connect to /172.23.202.231:7077
	at org.apache.spark.network.client.TransportClientFactory.createClient(TransportClientFactory.java:294)
	at org.apache.spark.network.client.TransportClientFactory.createClient(TransportClientFactory.java:214)
	at org.apache.spark.network.client.TransportClientFactory.createClient(TransportClientFactory.java:226)
	at org.apache.spark.rpc.netty.NettyRpcEnv.createClient(NettyRpcEnv.scala:204)
	at org.apache.spark.rpc.netty.Outbox$$anon$1.call(Outbox.scala:202)
	at org.apache.spark.rpc.netty.Outbox$$anon$1.call(Outbox.scala:198)
	... 4 more
Caused by: io.netty.channel.AbstractChannel$AnnotatedConnectException: Connection refused: /172.23.202.231:7077
Caused by: java.net.ConnectException: Connection refused
	at java.base/sun.nio.ch.Net.pollConnect(Native Method)
	at java.base/sun.nio.ch.Net.pollConnectNow(Net.java:672)
	at java.base/sun.nio.ch.SocketChannelImpl.finishConnect(SocketChannelImpl.java:946)
	at io.netty.channel.socket.nio.NioSocketChannel.doFinishConnect(NioSocketChannel.java:337)
	at io.netty.channel.nio.AbstractNioChannel$AbstractNioUnsafe.finishConnect(AbstractNioChannel.java:334)
	at io.netty.channel.nio.NioEventLoop.processSelectedKey(NioEventLoop.java:776)
	at io.netty.channel.nio.NioEventLoop.processSelectedKeysOptimized(NioEventLoop.java:724)
	at io.netty.channel.nio.NioEventLoop.processSelectedKeys(NioEventLoop.java:650)
	at io.netty.channel.nio.NioEventLoop.run(NioEventLoop.java:562)
	at io.netty.util.concurrent.SingleThreadEventExecutor$4.run(SingleThreadEventExecutor.java:997)
	at io.netty.util.internal.ThreadExecutorMap$2.run(ThreadExecutorMap.java:74)
	at io.netty.util.concurrent.FastThreadLocalRunnable.run(FastThreadLocalRunnable.java:30)
	at java.base/java.lang.Thread.run(Thread.java:840)
25/11/25 06:50:31 INFO Worker: Retrying connection to master (attempt # 1)
25/11/25 06:50:31 INFO Worker: Connecting to master 172.23.202.231:7077...
25/11/25 06:50:31 INFO TransportClientFactory: Found inactive connection to /172.23.202.231:7077, creating a new one.
25/11/25 06:50:31 WARN Worker: Failed to connect to master 172.23.202.231:7077
org.apache.spark.SparkException: Exception thrown in awaitResult: 
	at org.apache.spark.util.SparkThreadUtils$.awaitResult(SparkThreadUtils.scala:56)
	at org.apache.spark.util.ThreadUtils$.awaitResult(ThreadUtils.scala:310)
	at org.apache.spark.rpc.RpcTimeout.awaitResult(RpcTimeout.scala:75)
	at org.apache.spark.rpc.RpcEnv.setupEndpointRefByURI(RpcEnv.scala:102)
	at org.apache.spark.rpc.RpcEnv.setupEndpointRef(RpcEnv.scala:110)
	at org.apache.spark.deploy.worker.Worker$$anon$2.run(Worker.scala:370)
	at java.base/java.util.concurrent.Executors$RunnableAdapter.call(Executors.java:539)
	at java.base/java.util.concurrent.FutureTask.run(FutureTask.java:264)
	at java.base/java.util.concurrent.ThreadPoolExecutor.runWorker(ThreadPoolExecutor.java:1136)
	at java.base/java.util.concurrent.ThreadPoolExecutor$Worker.run(ThreadPoolExecutor.java:635)
	at java.base/java.lang.Thread.run(Thread.java:840)
Caused by: java.io.IOException: Failed to connect to /172.23.202.231:7077
	at org.apache.spark.network.client.TransportClientFactory.createClient(TransportClientFactory.java:294)
	at org.apache.spark.network.client.TransportClientFactory.createClient(TransportClientFactory.java:214)
	at org.apache.spark.network.client.TransportClientFactory.createClient(TransportClientFactory.java:226)
	at org.apache.spark.rpc.netty.NettyRpcEnv.createClient(NettyRpcEnv.scala:204)
	at org.apache.spark.rpc.netty.Outbox$$anon$1.call(Outbox.scala:202)
	at org.apache.spark.rpc.netty.Outbox$$anon$1.call(Outbox.scala:198)
	... 4 more
Caused by: io.netty.channel.AbstractChannel$AnnotatedConnectException: Connection refused: /172.23.202.231:7077
Caused by: java.net.ConnectException: Connection refused
	at java.base/sun.nio.ch.Net.pollConnect(Native Method)
	at java.base/sun.nio.ch.Net.pollConnectNow(Net.java:672)
	at java.base/sun.nio.ch.SocketChannelImpl.finishConnect(SocketChannelImpl.java:946)
	at io.netty.channel.socket.nio.NioSocketChannel.doFinishConnect(NioSocketChannel.java:337)
	at io.netty.channel.nio.AbstractNioChannel$AbstractNioUnsafe.finishConnect(AbstractNioChannel.java:334)
	at io.netty.channel.nio.NioEventLoop.processSelectedKey(NioEventLoop.java:776)
	at io.netty.channel.nio.NioEventLoop.processSelectedKeysOptimized(NioEventLoop.java:724)
	at io.netty.channel.nio.NioEventLoop.processSelectedKeys(NioEventLoop.java:650)
	at io.netty.channel.nio.NioEventLoop.run(NioEventLoop.java:562)
	at io.netty.util.concurrent.SingleThreadEventExecutor$4.run(SingleThreadEventExecutor.java:997)
	at io.netty.util.internal.ThreadExecutorMap$2.run(ThreadExecutorMap.java:74)
	at io.netty.util.concurrent.FastThreadLocalRunnable.run(FastThreadLocalRunnable.java:30)
	at java.base/java.lang.Thread.run(Thread.java:840)
25/11/25 06:50:43 INFO Worker: Retrying connection to master (attempt # 2)
25/11/25 06:50:43 INFO Worker: Connecting to master 172.23.202.231:7077...
25/11/25 06:50:43 INFO TransportClientFactory: Found inactive connection to /172.23.202.231:7077, creating a new one.
25/11/25 06:50:43 WARN Worker: Failed to connect to master 172.23.202.231:7077
org.apache.spark.SparkException: Exception thrown in awaitResult: 
	at org.apache.spark.util.SparkThreadUtils$.awaitResult(SparkThreadUtils.scala:56)
	at org.apache.spark.util.ThreadUtils$.awaitResult(ThreadUtils.scala:310)
	at org.apache.spark.rpc.RpcTimeout.awaitResult(RpcTimeout.scala:75)
	at org.apache.spark.rpc.RpcEnv.setupEndpointRefByURI(RpcEnv.scala:102)
	at org.apache.spark.rpc.RpcEnv.setupEndpointRef(RpcEnv.scala:110)
	at org.apache.spark.deploy.worker.Worker$$anon$2.run(Worker.scala:370)
	at java.base/java.util.concurrent.Executors$RunnableAdapter.call(Executors.java:539)
	at java.base/java.util.concurrent.FutureTask.run(FutureTask.java:264)
	at java.base/java.util.concurrent.ThreadPoolExecutor.runWorker(ThreadPoolExecutor.java:1136)
	at java.base/java.util.concurrent.ThreadPoolExecutor$Worker.run(ThreadPoolExecutor.java:635)
	at java.base/java.lang.Thread.run(Thread.java:840)
Caused by: java.io.IOException: Failed to connect to /172.23.202.231:7077
	at org.apache.spark.network.client.TransportClientFactory.createClient(TransportClientFactory.java:294)
	at org.apache.spark.network.client.TransportClientFactory.createClient(TransportClientFactory.java:214)
	at org.apache.spark.network.client.TransportClientFactory.createClient(TransportClientFactory.java:226)
	at org.apache.spark.rpc.netty.NettyRpcEnv.createClient(NettyRpcEnv.scala:204)
	at org.apache.spark.rpc.netty.Outbox$$anon$1.call(Outbox.scala:202)
	at org.apache.spark.rpc.netty.Outbox$$anon$1.call(Outbox.scala:198)
	... 4 more
Caused by: io.netty.channel.AbstractChannel$AnnotatedConnectException: Connection refused: /172.23.202.231:7077
Caused by: java.net.ConnectException: Connection refused
	at java.base/sun.nio.ch.Net.pollConnect(Native Method)
	at java.base/sun.nio.ch.Net.pollConnectNow(Net.java:672)
	at java.base/sun.nio.ch.SocketChannelImpl.finishConnect(SocketChannelImpl.java:946)
	at io.netty.channel.socket.nio.NioSocketChannel.doFinishConnect(NioSocketChannel.java:337)
	at io.netty.channel.nio.AbstractNioChannel$AbstractNioUnsafe.finishConnect(AbstractNioChannel.java:334)
	at io.netty.channel.nio.NioEventLoop.processSelectedKey(NioEventLoop.java:776)
	at io.netty.channel.nio.NioEventLoop.processSelectedKeysOptimized(NioEventLoop.java:724)
	at io.netty.channel.nio.NioEventLoop.processSelectedKeys(NioEventLoop.java:650)
	at io.netty.channel.nio.NioEventLoop.run(NioEventLoop.java:562)
	at io.netty.util.concurrent.SingleThreadEventExecutor$4.run(SingleThreadEventExecutor.java:997)
	at io.netty.util.internal.ThreadExecutorMap$2.run(ThreadExecutorMap.java:74)
	at io.netty.util.concurrent.FastThreadLocalRunnable.run(FastThreadLocalRunnable.java:30)
	at java.base/java.lang.Thread.run(Thread.java:840)
25/11/25 06:50:56 INFO Worker: Retrying connection to master (attempt # 3)
25/11/25 06:50:56 INFO Worker: Connecting to master 172.23.202.231:7077...
25/11/25 06:50:56 INFO TransportClientFactory: Found inactive connection to /172.23.202.231:7077, creating a new one.
25/11/25 06:50:56 WARN Worker: Failed to connect to master 172.23.202.231:7077
org.apache.spark.SparkException: Exception thrown in awaitResult: 
	at org.apache.spark.util.SparkThreadUtils$.awaitResult(SparkThreadUtils.scala:56)
	at org.apache.spark.util.ThreadUtils$.awaitResult(ThreadUtils.scala:310)
	at org.apache.spark.rpc.RpcTimeout.awaitResult(RpcTimeout.scala:75)
	at org.apache.spark.rpc.RpcEnv.setupEndpointRefByURI(RpcEnv.scala:102)
	at org.apache.spark.rpc.RpcEnv.setupEndpointRef(RpcEnv.scala:110)
	at org.apache.spark.deploy.worker.Worker$$anon$2.run(Worker.scala:370)
	at java.base/java.util.concurrent.Executors$RunnableAdapter.call(Executors.java:539)
	at java.base/java.util.concurrent.FutureTask.run(FutureTask.java:264)
	at java.base/java.util.concurrent.ThreadPoolExecutor.runWorker(ThreadPoolExecutor.java:1136)
	at java.base/java.util.concurrent.ThreadPoolExecutor$Worker.run(ThreadPoolExecutor.java:635)
	at java.base/java.lang.Thread.run(Thread.java:840)
Caused by: java.io.IOException: Failed to connect to /172.23.202.231:7077
	at org.apache.spark.network.client.TransportClientFactory.createClient(TransportClientFactory.java:294)
	at org.apache.spark.network.client.TransportClientFactory.createClient(TransportClientFactory.java:214)
	at org.apache.spark.network.client.TransportClientFactory.createClient(TransportClientFactory.java:226)
	at org.apache.spark.rpc.netty.NettyRpcEnv.createClient(NettyRpcEnv.scala:204)
	at org.apache.spark.rpc.netty.Outbox$$anon$1.call(Outbox.scala:202)
	at org.apache.spark.rpc.netty.Outbox$$anon$1.call(Outbox.scala:198)
	... 4 more
Caused by: io.netty.channel.AbstractChannel$AnnotatedConnectException: Connection refused: /172.23.202.231:7077
Caused by: java.net.ConnectException: Connection refused
	at java.base/sun.nio.ch.Net.pollConnect(Native Method)
	at java.base/sun.nio.ch.Net.pollConnectNow(Net.java:672)
	at java.base/sun.nio.ch.SocketChannelImpl.finishConnect(SocketChannelImpl.java:946)
	at io.netty.channel.socket.nio.NioSocketChannel.doFinishConnect(NioSocketChannel.java:337)
	at io.netty.channel.nio.AbstractNioChannel$AbstractNioUnsafe.finishConnect(AbstractNioChannel.java:334)
	at io.netty.channel.nio.NioEventLoop.processSelectedKey(NioEventLoop.java:776)
	at io.netty.channel.nio.NioEventLoop.processSelectedKeysOptimized(NioEventLoop.java:724)
	at io.netty.channel.nio.NioEventLoop.processSelectedKeys(NioEventLoop.java:650)
	at io.netty.channel.nio.NioEventLoop.run(NioEventLoop.java:562)
	at io.netty.util.concurrent.SingleThreadEventExecutor$4.run(SingleThreadEventExecutor.java:997)
	at io.netty.util.internal.ThreadExecutorMap$2.run(ThreadExecutorMap.java:74)
	at io.netty.util.concurrent.FastThreadLocalRunnable.run(FastThreadLocalRunnable.java:30)
	at java.base/java.lang.Thread.run(Thread.java:840)
25/11/25 06:51:09 INFO Worker: Retrying connection to master (attempt # 4)
25/11/25 06:51:09 INFO Worker: Connecting to master 172.23.202.231:7077...
25/11/25 06:51:09 INFO TransportClientFactory: Found inactive connection to /172.23.202.231:7077, creating a new one.
25/11/25 06:51:09 WARN Worker: Failed to connect to master 172.23.202.231:7077
org.apache.spark.SparkException: Exception thrown in awaitResult: 
	at org.apache.spark.util.SparkThreadUtils$.awaitResult(SparkThreadUtils.scala:56)
	at org.apache.spark.util.ThreadUtils$.awaitResult(ThreadUtils.scala:310)
	at org.apache.spark.rpc.RpcTimeout.awaitResult(RpcTimeout.scala:75)
	at org.apache.spark.rpc.RpcEnv.setupEndpointRefByURI(RpcEnv.scala:102)
	at org.apache.spark.rpc.RpcEnv.setupEndpointRef(RpcEnv.scala:110)
	at org.apache.spark.deploy.worker.Worker$$anon$2.run(Worker.scala:370)
	at java.base/java.util.concurrent.Executors$RunnableAdapter.call(Executors.java:539)
	at java.base/java.util.concurrent.FutureTask.run(FutureTask.java:264)
	at java.base/java.util.concurrent.ThreadPoolExecutor.runWorker(ThreadPoolExecutor.java:1136)
	at java.base/java.util.concurrent.ThreadPoolExecutor$Worker.run(ThreadPoolExecutor.java:635)
	at java.base/java.lang.Thread.run(Thread.java:840)
Caused by: java.io.IOException: Failed to connect to /172.23.202.231:7077
	at org.apache.spark.network.client.TransportClientFactory.createClient(TransportClientFactory.java:294)
	at org.apache.spark.network.client.TransportClientFactory.createClient(TransportClientFactory.java:214)
	at org.apache.spark.network.client.TransportClientFactory.createClient(TransportClientFactory.java:226)
	at org.apache.spark.rpc.netty.NettyRpcEnv.createClient(NettyRpcEnv.scala:204)
	at org.apache.spark.rpc.netty.Outbox$$anon$1.call(Outbox.scala:202)
	at org.apache.spark.rpc.netty.Outbox$$anon$1.call(Outbox.scala:198)
	... 4 more
Caused by: io.netty.channel.AbstractChannel$AnnotatedConnectException: Connection refused: /172.23.202.231:7077
Caused by: java.net.ConnectException: Connection refused
	at java.base/sun.nio.ch.Net.pollConnect(Native Method)
	at java.base/sun.nio.ch.Net.pollConnectNow(Net.java:672)
	at java.base/sun.nio.ch.SocketChannelImpl.finishConnect(SocketChannelImpl.java:946)
	at io.netty.channel.socket.nio.NioSocketChannel.doFinishConnect(NioSocketChannel.java:337)
	at io.netty.channel.nio.AbstractNioChannel$AbstractNioUnsafe.finishConnect(AbstractNioChannel.java:334)
	at io.netty.channel.nio.NioEventLoop.processSelectedKey(NioEventLoop.java:776)
	at io.netty.channel.nio.NioEventLoop.processSelectedKeysOptimized(NioEventLoop.java:724)
	at io.netty.channel.nio.NioEventLoop.processSelectedKeys(NioEventLoop.java:650)
	at io.netty.channel.nio.NioEventLoop.run(NioEventLoop.java:562)
	at io.netty.util.concurrent.SingleThreadEventExecutor$4.run(SingleThreadEventExecutor.java:997)
	at io.netty.util.internal.ThreadExecutorMap$2.run(ThreadExecutorMap.java:74)
	at io.netty.util.concurrent.FastThreadLocalRunnable.run(FastThreadLocalRunnable.java:30)
	at java.base/java.lang.Thread.run(Thread.java:840)
25/11/25 06:51:20 INFO Worker: Retrying connection to master (attempt # 5)
25/11/25 06:51:20 INFO Worker: Connecting to master 172.23.202.231:7077...
25/11/25 06:51:20 INFO TransportClientFactory: Found inactive connection to /172.23.202.231:7077, creating a new one.
25/11/25 06:51:20 WARN Worker: Failed to connect to master 172.23.202.231:7077
org.apache.spark.SparkException: Exception thrown in awaitResult: 
	at org.apache.spark.util.SparkThreadUtils$.awaitResult(SparkThreadUtils.scala:56)
	at org.apache.spark.util.ThreadUtils$.awaitResult(ThreadUtils.scala:310)
	at org.apache.spark.rpc.RpcTimeout.awaitResult(RpcTimeout.scala:75)
	at org.apache.spark.rpc.RpcEnv.setupEndpointRefByURI(RpcEnv.scala:102)
	at org.apache.spark.rpc.RpcEnv.setupEndpointRef(RpcEnv.scala:110)
	at org.apache.spark.deploy.worker.Worker$$anon$2.run(Worker.scala:370)
	at java.base/java.util.concurrent.Executors$RunnableAdapter.call(Executors.java:539)
	at java.base/java.util.concurrent.FutureTask.run(FutureTask.java:264)
	at java.base/java.util.concurrent.ThreadPoolExecutor.runWorker(ThreadPoolExecutor.java:1136)
	at java.base/java.util.concurrent.ThreadPoolExecutor$Worker.run(ThreadPoolExecutor.java:635)
	at java.base/java.lang.Thread.run(Thread.java:840)
Caused by: java.io.IOException: Failed to connect to /172.23.202.231:7077
	at org.apache.spark.network.client.TransportClientFactory.createClient(TransportClientFactory.java:294)
	at org.apache.spark.network.client.TransportClientFactory.createClient(TransportClientFactory.java:214)
	at org.apache.spark.network.client.TransportClientFactory.createClient(TransportClientFactory.java:226)
	at org.apache.spark.rpc.netty.NettyRpcEnv.createClient(NettyRpcEnv.scala:204)
	at org.apache.spark.rpc.netty.Outbox$$anon$1.call(Outbox.scala:202)
	at org.apache.spark.rpc.netty.Outbox$$anon$1.call(Outbox.scala:198)
	... 4 more
Caused by: io.netty.channel.AbstractChannel$AnnotatedConnectException: Connection refused: /172.23.202.231:7077
Caused by: java.net.ConnectException: Connection refused
	at java.base/sun.nio.ch.Net.pollConnect(Native Method)
	at java.base/sun.nio.ch.Net.pollConnectNow(Net.java:672)
	at java.base/sun.nio.ch.SocketChannelImpl.finishConnect(SocketChannelImpl.java:946)
	at io.netty.channel.socket.nio.NioSocketChannel.doFinishConnect(NioSocketChannel.java:337)
	at io.netty.channel.nio.AbstractNioChannel$AbstractNioUnsafe.finishConnect(AbstractNioChannel.java:334)
	at io.netty.channel.nio.NioEventLoop.processSelectedKey(NioEventLoop.java:776)
	at io.netty.channel.nio.NioEventLoop.processSelectedKeysOptimized(NioEventLoop.java:724)
	at io.netty.channel.nio.NioEventLoop.processSelectedKeys(NioEventLoop.java:650)
	at io.netty.channel.nio.NioEventLoop.run(NioEventLoop.java:562)
	at io.netty.util.concurrent.SingleThreadEventExecutor$4.run(SingleThreadEventExecutor.java:997)
	at io.netty.util.internal.ThreadExecutorMap$2.run(ThreadExecutorMap.java:74)
	at io.netty.util.concurrent.FastThreadLocalRunnable.run(FastThreadLocalRunnable.java:30)
	at java.base/java.lang.Thread.run(Thread.java:840)
25/11/25 06:51:33 INFO Worker: Retrying connection to master (attempt # 6)
25/11/25 06:51:33 INFO Worker: Connecting to master 172.23.202.231:7077...
25/11/25 06:51:33 INFO TransportClientFactory: Found inactive connection to /172.23.202.231:7077, creating a new one.
25/11/25 06:51:33 INFO TransportClientFactory: Successfully created connection to /172.23.202.231:7077 after 9 ms (0 ms spent in bootstraps)
25/11/25 06:51:33 INFO Worker: Successfully registered with master spark://172.23.202.231:7077
25/11/25 06:51:33 INFO Worker: Asked to kill executor app-20251124231341-0005/7
25/11/25 06:51:33 INFO ExecutorRunner: Runner thread for executor app-20251124231341-0005/7 interrupted
25/11/25 06:51:33 INFO ExecutorRunner: Killing process!
25/11/25 06:51:33 INFO Worker: Executor app-20251124231341-0005/7 finished with state KILLED exitStatus 143
25/11/25 06:51:33 INFO ExternalShuffleBlockResolver: Clean up non-shuffle and non-RDD files associated with the finished executor 7
25/11/25 06:51:33 INFO ExternalShuffleBlockResolver: Executor is not registered (appId=app-20251124231341-0005, execId=7)
25/11/25 07:11:38 INFO Worker: Asked to launch executor app-20251125071138-0000/0 for SpamPredictionAPI
25/11/25 07:11:38 INFO SecurityManager: Changing view acls to: kalp
25/11/25 07:11:38 INFO SecurityManager: Changing modify acls to: kalp
25/11/25 07:11:38 INFO SecurityManager: Changing view acls groups to: 
25/11/25 07:11:38 INFO SecurityManager: Changing modify acls groups to: 
25/11/25 07:11:38 INFO SecurityManager: SecurityManager: authentication disabled; ui acls disabled; users with view permissions: kalp; groups with view permissions: EMPTY; users with modify permissions: kalp; groups with modify permissions: EMPTY
25/11/25 07:11:38 INFO ExecutorRunner: Launch command: "/usr/lib/jvm/java-17-openjdk-amd64/bin/java" "-cp" "/home/kalp/spark/spark/conf/:/home/kalp/spark/spark/jars/*" "-Xmx1024M" "-Dspark.driver.port=41539" "-Djava.net.preferIPv6Addresses=false" "-XX:+IgnoreUnrecognizedVMOptions" "--add-opens=java.base/java.lang=ALL-UNNAMED" "--add-opens=java.base/java.lang.invoke=ALL-UNNAMED" "--add-opens=java.base/java.lang.reflect=ALL-UNNAMED" "--add-opens=java.base/java.io=ALL-UNNAMED" "--add-opens=java.base/java.net=ALL-UNNAMED" "--add-opens=java.base/java.nio=ALL-UNNAMED" "--add-opens=java.base/java.util=ALL-UNNAMED" "--add-opens=java.base/java.util.concurrent=ALL-UNNAMED" "--add-opens=java.base/java.util.concurrent.atomic=ALL-UNNAMED" "--add-opens=java.base/jdk.internal.ref=ALL-UNNAMED" "--add-opens=java.base/sun.nio.ch=ALL-UNNAMED" "--add-opens=java.base/sun.nio.cs=ALL-UNNAMED" "--add-opens=java.base/sun.security.action=ALL-UNNAMED" "--add-opens=java.base/sun.util.calendar=ALL-UNNAMED" "--add-opens=java.security.jgss/sun.security.krb5=ALL-UNNAMED" "-Djdk.reflect.useDirectMethodHandle=false" "org.apache.spark.executor.CoarseGrainedExecutorBackend" "--driver-url" "spark://CoarseGrainedScheduler@172.23.202.231:41539" "--executor-id" "0" "--hostname" "172.23.202.231" "--cores" "4" "--app-id" "app-20251125071138-0000" "--worker-url" "spark://Worker@172.23.202.231:18082" "--resourceProfileId" "0"
